2024-10-26 11:34:09,506 [INFO] Activator:176 - 


2024-10-26 11:34:09,507 [INFO] Activator:177 - !SESSION log4j initialized
2024-10-26 11:34:11,111 [INFO] LogOutputStream:77 - [STDOUT_REDIRECT] 
2024-10-26 11:34:14,171 [INFO] ApplicationProperties:184 - Using Application install path: C:\ST\STM32CubeIDE_1.16.1\STM32CubeIDE\plugins\com.st.stm32cube.common.mx_6.12.1.202409122256
2024-10-26 11:34:14,239 [INFO] DbMcusXml:78 - Set database path to: C:\ST\STM32CubeIDE_1.16.1\STM32CubeIDE\plugins\com.st.stm32cube.common.mx_6.12.1.202409122256\\db\/mcu/
2024-10-26 11:34:14,240 [INFO] ApiDb:274 - Set plugin database path to: C:\ST\STM32CubeIDE_1.16.1\STM32CubeIDE\plugins\com.st.stm32cube.common.mx_6.12.1.202409122256\\db\/plugins/boardmanager/
2024-10-26 11:34:14,240 [WARN] ApiDb:259 - Overriding images path with different value:  => C:\ST\STM32CubeIDE_1.16.1\STM32CubeIDE\plugins\com.st.stm32cube.common.mx_6.12.1.202409122256\\db\/plugins/mcufinder/images/
2024-10-26 11:34:14,254 [INFO] ApiDb:250 - Set database path to: C:\Users\marco\.stmcufinder\plugins\mcufinder//mcu/
2024-10-26 11:34:14,255 [INFO] DbMcusAds:125 - Set database path to: C:\Users\marco\.stmcufinder\plugins\mcufinder//mcu/
2024-10-26 11:34:14,263 [INFO] CrossReferenceDbSqlite:203 - Set database path to: C:\Users\marco\.stmcufinder\plugins\mcufinder//mcu/cs/
2024-10-26 11:34:14,508 [INFO] RulesReader:64 - Compatibility file has been processed (297 Rules)
2024-10-26 11:34:14,629 [INFO] DbMcusXml:78 - Set database path to: C:\ST\STM32CubeIDE_1.16.1\STM32CubeIDE\plugins\com.st.stm32cube.common.mx_6.12.1.202409122256\\db\/mcu/
2024-10-26 11:34:14,629 [INFO] ApiDb:274 - Set plugin database path to: C:\ST\STM32CubeIDE_1.16.1\STM32CubeIDE\plugins\com.st.stm32cube.common.mx_6.12.1.202409122256\\db\/plugins/boardmanager/
2024-10-26 11:34:14,629 [INFO] ApiDb:261 - Set plugin images path to: C:\ST\STM32CubeIDE_1.16.1\STM32CubeIDE\plugins\com.st.stm32cube.common.mx_6.12.1.202409122256\\db\/plugins/mcufinder/images/
2024-10-26 11:34:14,630 [WARN] DbFile:41 - Overriding database path with different value: C:\Users\marco\.stmcufinder\plugins\mcufinder/ => C:\Users\marco\.stmcufinder\plugins\mcufinder
2024-10-26 11:34:14,630 [INFO] ApiDb:250 - Set database path to: C:\Users\marco\.stmcufinder\plugins\mcufinder//mcu/
2024-10-26 11:34:14,630 [WARN] DbFile:41 - Overriding database path with different value: C:\Users\marco\.stmcufinder\plugins\mcufinder/ => C:\Users\marco\.stmcufinder\plugins\mcufinder
2024-10-26 11:34:14,630 [INFO] DbMcusAds:125 - Set database path to: C:\Users\marco\.stmcufinder\plugins\mcufinder//mcu/
2024-10-26 11:34:14,630 [WARN] DbFile:41 - Overriding database path with different value: C:\Users\marco\.stmcufinder\plugins\mcufinder/ => C:\Users\marco\.stmcufinder\plugins\mcufinder
2024-10-26 11:34:14,630 [WARN] DbFile:41 - Overriding database path with different value: C:\Users\marco\.stmcufinder\plugins\mcufinder/ => C:\Users\marco\.stmcufinder\plugins\mcufinder
2024-10-26 11:34:14,630 [INFO] CrossReferenceDbSqlite:203 - Set database path to: C:\Users\marco\.stmcufinder\plugins\mcufinder//mcu/cs/
2024-10-26 11:34:14,778 [INFO] MainPanel:268 - HeapMemory: 448790528
2024-10-26 11:34:14,944 [INFO] DbMcusXml:78 - Set database path to: C:\ST\STM32CubeIDE_1.16.1\STM32CubeIDE\plugins\com.st.stm32cube.common.mx_6.12.1.202409122256\\db\/mcu/
2024-10-26 11:34:14,944 [INFO] ApiDb:274 - Set plugin database path to: C:\ST\STM32CubeIDE_1.16.1\STM32CubeIDE\plugins\com.st.stm32cube.common.mx_6.12.1.202409122256\\db\/plugins/boardmanager/
2024-10-26 11:34:14,944 [INFO] ApiDb:261 - Set plugin images path to: C:\ST\STM32CubeIDE_1.16.1\STM32CubeIDE\plugins\com.st.stm32cube.common.mx_6.12.1.202409122256\\db\/plugins/mcufinder/images/
2024-10-26 11:34:14,945 [WARN] DbFile:41 - Overriding database path with different value: C:\Users\marco\.stmcufinder\plugins\mcufinder/ => C:\Users\marco\.stmcufinder\plugins\mcufinder
2024-10-26 11:34:14,945 [INFO] ApiDb:250 - Set database path to: C:\Users\marco\.stmcufinder\plugins\mcufinder//mcu/
2024-10-26 11:34:14,945 [WARN] DbFile:41 - Overriding database path with different value: C:\Users\marco\.stmcufinder\plugins\mcufinder/ => C:\Users\marco\.stmcufinder\plugins\mcufinder
2024-10-26 11:34:14,946 [INFO] DbMcusAds:125 - Set database path to: C:\Users\marco\.stmcufinder\plugins\mcufinder//mcu/
2024-10-26 11:34:14,946 [WARN] DbFile:41 - Overriding database path with different value: C:\Users\marco\.stmcufinder\plugins\mcufinder/ => C:\Users\marco\.stmcufinder\plugins\mcufinder
2024-10-26 11:34:14,946 [WARN] DbFile:41 - Overriding database path with different value: C:\Users\marco\.stmcufinder\plugins\mcufinder/ => C:\Users\marco\.stmcufinder\plugins\mcufinder
2024-10-26 11:34:14,946 [INFO] CrossReferenceDbSqlite:203 - Set database path to: C:\Users\marco\.stmcufinder\plugins\mcufinder//mcu/cs/
2024-10-26 11:34:14,969 [INFO] ApplicationProperties:184 - Using Application install path: C:\ST\STM32CubeIDE_1.16.1\STM32CubeIDE\plugins\com.st.stm32cube.common.mx_6.12.1.202409122256
2024-10-26 11:34:14,972 [INFO] PluginManage:196 - Search for loadable plugins [exclusion list=, ]
2024-10-26 11:34:14,973 [INFO] PluginManage:310 - Check plugin analytics
2024-10-26 11:34:15,371 [INFO] AnalyticsPlugin:253 - Accepted Software Licenses: 
2024-10-26 11:34:15,372 [INFO] AnalyticsPlugin:255 - Accepted CMSIS Pack Licenses: 
2024-10-26 11:34:15,372 [INFO] AnalyticsPlugin:257 - Accepted Firmware Licenses: FW.F4.1.28.0
2024-10-26 11:34:15,375 [INFO] PluginManage:359 - Loaded plugin analytics (category:tool,tabindex:-1)
2024-10-26 11:34:15,375 [INFO] PluginManage:310 - Check plugin cadmodel
2024-10-26 11:34:15,380 [INFO] CADModel:105 - Init CAD model plugin
2024-10-26 11:34:15,380 [INFO] PluginManage:359 - Loaded plugin cadmodel (category:power,tabindex:5)
2024-10-26 11:34:15,380 [INFO] PluginManage:310 - Check plugin clock
2024-10-26 11:34:15,395 [INFO] PluginManage:359 - Loaded plugin clock (category:base,tabindex:2)
2024-10-26 11:34:15,396 [INFO] PluginManage:310 - Check plugin ddr
2024-10-26 11:34:15,399 [INFO] PluginManage:359 - Loaded plugin ddr (category:tool,tabindex:6)
2024-10-26 11:34:15,399 [INFO] PluginManage:310 - Check plugin filemanager
2024-10-26 11:34:15,690 [INFO] PluginManage:359 - Loaded plugin filemanager (category:base,tabindex:10)
2024-10-26 11:34:15,690 [INFO] PluginManage:310 - Check plugin ipmanager
2024-10-26 11:34:15,700 [INFO] PluginManage:359 - Loaded plugin ipmanager (category:base,tabindex:5)
2024-10-26 11:34:15,700 [INFO] PluginManage:310 - Check plugin lpbam
2024-10-26 11:34:15,711 [INFO] PluginManage:359 - Loaded plugin lpbam (category:base,tabindex:0)
2024-10-26 11:34:15,712 [INFO] PluginManage:310 - Check plugin memorymap
2024-10-26 11:34:15,746 [INFO] PluginManage:359 - Loaded plugin memorymap (category:base,tabindex:4)
2024-10-26 11:34:15,746 [INFO] PluginManage:310 - Check plugin pinoutandconfiguration
2024-10-26 11:34:15,762 [INFO] PluginManage:359 - Loaded plugin pinoutandconfiguration (category:base,tabindex:1)
2024-10-26 11:34:15,762 [INFO] PluginManage:310 - Check plugin pinoutconfig
2024-10-26 11:34:15,911 [WARN] SupportedApi:132 - Cannot load RTOS API schema: s4s-elt-must-match.1: The content of 'definitions' must match (annotation?, (simpleType | complexType)?, (unique | key | keyref)*)). A problem was found starting at: attribute.
2024-10-26 11:34:16,245 [INFO] PluginManage:359 - Loaded plugin pinoutconfig (category:base,tabindex:0)
2024-10-26 11:34:16,245 [INFO] PluginManage:310 - Check plugin power
2024-10-26 11:34:16,258 [INFO] PluginManage:359 - Loaded plugin power (category:power,tabindex:4)
2024-10-26 11:34:16,258 [INFO] PluginManage:310 - Check plugin projectmanager
2024-10-26 11:34:16,280 [INFO] PluginManage:359 - Loaded plugin projectmanager (category:projectmanager,tabindex:4)
2024-10-26 11:34:16,280 [INFO] PluginManage:310 - Check plugin rif
2024-10-26 11:34:16,294 [INFO] PluginManage:359 - Loaded plugin rif (category:base,tabindex:3)
2024-10-26 11:34:16,294 [INFO] PluginManage:310 - Check plugin thirdparty
2024-10-26 11:34:16,531 [WARN] IntegrityCheckThread:84 - waiting for thirdparty lock release [integrity check]
2024-10-26 11:34:16,532 [INFO] IntegrityCheckThread:86 - entering critical section [integrity check]
2024-10-26 11:34:16,532 [INFO] PluginManage:359 - Loaded plugin thirdparty (category:base,tabindex:-1)
2024-10-26 11:34:16,532 [INFO] PluginManage:310 - Check plugin tools
2024-10-26 11:34:16,532 [INFO] ThirdPartyUpdaterWithRetryManager:70 - Updater plugin not ready yet. [1/15]
2024-10-26 11:34:16,537 [INFO] PluginManage:359 - Loaded plugin tools (category:base,tabindex:7)
2024-10-26 11:34:16,537 [INFO] PluginManage:310 - Check plugin tutovideos
2024-10-26 11:34:16,932 [INFO] PluginManage:359 - Loaded plugin tutovideos (category:base,tabindex:-1)
2024-10-26 11:34:16,933 [INFO] PluginManage:310 - Check plugin updater
2024-10-26 11:34:16,950 [INFO] PluginManage:359 - Loaded plugin updater (category:base,tabindex:12)
2024-10-26 11:34:16,950 [INFO] PluginManage:310 - Check plugin userauth
2024-10-26 11:34:16,957 [INFO] UserAuth:113 - Init User Auth plugin
2024-10-26 11:34:16,957 [INFO] PluginManage:359 - Loaded plugin userauth (category:base,tabindex:14)
2024-10-26 11:34:16,958 [INFO] PluginManage:283 - PluginManage : Loaded plugins [18]
2024-10-26 11:34:17,243 [INFO] PinOutPanel:1561 - setPackage(No Configuration,No Configuration)
2024-10-26 11:34:17,311 [INFO] CADModel:165 - CPN selected for project level
2024-10-26 11:34:17,311 [INFO] CADModel:114 - Register for checkConnection events
2024-10-26 11:34:17,326 [INFO] IPUIPlugin:80 - create IPUIPlugin
2024-10-26 11:34:17,326 [INFO] PluginManager:220 - loadIPPluginJar : add adc
2024-10-26 11:34:17,328 [INFO] IPUIPlugin:80 - create IPUIPlugin
2024-10-26 11:34:17,328 [INFO] PluginManager:220 - loadIPPluginJar : add aes
2024-10-26 11:34:17,330 [INFO] IPUIPlugin:80 - create IPUIPlugin
2024-10-26 11:34:17,330 [INFO] PluginManager:220 - loadIPPluginJar : add can
2024-10-26 11:34:17,331 [INFO] IPUIPlugin:80 - create IPUIPlugin
2024-10-26 11:34:17,331 [INFO] PluginManager:220 - loadIPPluginJar : add comp
2024-10-26 11:34:17,333 [INFO] IPUIPlugin:80 - create IPUIPlugin
2024-10-26 11:34:17,333 [INFO] PluginManager:220 - loadIPPluginJar : add cryp
2024-10-26 11:34:17,334 [INFO] IPUIPlugin:80 - create IPUIPlugin
2024-10-26 11:34:17,334 [INFO] PluginManager:220 - loadIPPluginJar : add ddr_ctrl_phy
2024-10-26 11:34:17,336 [INFO] IPUIPlugin:80 - create IPUIPlugin
2024-10-26 11:34:17,336 [INFO] PluginManager:220 - loadIPPluginJar : add dfsdm
2024-10-26 11:34:17,339 [INFO] IPUIPlugin:80 - create IPUIPlugin
2024-10-26 11:34:17,340 [INFO] PluginManager:220 - loadIPPluginJar : add dma
2024-10-26 11:34:17,341 [INFO] IPUIPlugin:80 - create IPUIPlugin
2024-10-26 11:34:17,341 [INFO] PluginManager:220 - loadIPPluginJar : add dma3
2024-10-26 11:34:17,342 [INFO] IPUIPlugin:80 - create IPUIPlugin
2024-10-26 11:34:17,342 [INFO] PluginManager:220 - loadIPPluginJar : add extmemmanager
2024-10-26 11:34:17,343 [INFO] IPUIPlugin:80 - create IPUIPlugin
2024-10-26 11:34:17,343 [INFO] PluginManager:220 - loadIPPluginJar : add fatfs
2024-10-26 11:34:17,346 [INFO] IPUIPlugin:80 - create IPUIPlugin
2024-10-26 11:34:17,346 [INFO] PluginManager:220 - loadIPPluginJar : add fmc
2024-10-26 11:34:17,349 [INFO] IPUIPlugin:80 - create IPUIPlugin
2024-10-26 11:34:17,350 [INFO] PluginManager:220 - loadIPPluginJar : add freertos
2024-10-26 11:34:17,350 [INFO] IPUIPlugin:80 - create IPUIPlugin
2024-10-26 11:34:17,350 [INFO] PluginManager:220 - loadIPPluginJar : add genericplugin
2024-10-26 11:34:17,351 [INFO] IPUIPlugin:80 - create IPUIPlugin
2024-10-26 11:34:17,351 [INFO] PluginManager:220 - loadIPPluginJar : add gfxmmu
2024-10-26 11:34:17,354 [INFO] IPUIPlugin:80 - create IPUIPlugin
2024-10-26 11:34:17,354 [INFO] PluginManager:220 - loadIPPluginJar : add gic
2024-10-26 11:34:17,356 [INFO] IPUIPlugin:80 - create IPUIPlugin
2024-10-26 11:34:17,356 [INFO] PluginManager:220 - loadIPPluginJar : add gpio
2024-10-26 11:34:17,357 [INFO] IPUIPlugin:80 - create IPUIPlugin
2024-10-26 11:34:17,357 [INFO] PluginManager:220 - loadIPPluginJar : add gtzc
2024-10-26 11:34:17,359 [INFO] IPUIPlugin:80 - create IPUIPlugin
2024-10-26 11:34:17,359 [INFO] PluginManager:220 - loadIPPluginJar : add hash
2024-10-26 11:34:17,360 [INFO] IPUIPlugin:80 - create IPUIPlugin
2024-10-26 11:34:17,360 [INFO] PluginManager:220 - loadIPPluginJar : add i2c
2024-10-26 11:34:17,361 [INFO] IPUIPlugin:80 - create IPUIPlugin
2024-10-26 11:34:17,361 [INFO] PluginManager:220 - loadIPPluginJar : add i2s
2024-10-26 11:34:17,363 [INFO] IPUIPlugin:80 - create IPUIPlugin
2024-10-26 11:34:17,363 [INFO] PluginManager:220 - loadIPPluginJar : add i3c
2024-10-26 11:34:17,364 [INFO] IPUIPlugin:80 - create IPUIPlugin
2024-10-26 11:34:17,365 [INFO] PluginManager:220 - loadIPPluginJar : add ipddr
2024-10-26 11:34:17,368 [INFO] IPUIPlugin:80 - create IPUIPlugin
2024-10-26 11:34:17,368 [INFO] PluginManager:220 - loadIPPluginJar : add linkedlist
2024-10-26 11:34:17,371 [INFO] IPUIPlugin:80 - create IPUIPlugin
2024-10-26 11:34:17,371 [INFO] PluginManager:220 - loadIPPluginJar : add lorawan
2024-10-26 11:34:17,371 [INFO] IPUIPlugin:80 - create IPUIPlugin
2024-10-26 11:34:17,371 [INFO] PluginManager:220 - loadIPPluginJar : add ltdc
2024-10-26 11:34:17,374 [INFO] IPUIPlugin:80 - create IPUIPlugin
2024-10-26 11:34:17,374 [INFO] PluginManager:220 - loadIPPluginJar : add mdma
2024-10-26 11:34:17,376 [INFO] IPUIPlugin:80 - create IPUIPlugin
2024-10-26 11:34:17,376 [INFO] PluginManager:220 - loadIPPluginJar : add nvic
2024-10-26 11:34:17,378 [INFO] IPUIPlugin:80 - create IPUIPlugin
2024-10-26 11:34:17,378 [INFO] PluginManager:220 - loadIPPluginJar : add opamp
2024-10-26 11:34:17,379 [INFO] IPUIPlugin:80 - create IPUIPlugin
2024-10-26 11:34:17,379 [INFO] PluginManager:220 - loadIPPluginJar : add openamp
2024-10-26 11:34:17,381 [INFO] IPUIPlugin:80 - create IPUIPlugin
2024-10-26 11:34:17,381 [INFO] PluginManager:220 - loadIPPluginJar : add pdm2pcm
2024-10-26 11:34:17,384 [INFO] IPUIPlugin:80 - create IPUIPlugin
2024-10-26 11:34:17,386 [INFO] PluginManager:220 - loadIPPluginJar : add plateformsettings
2024-10-26 11:34:17,387 [INFO] IPUIPlugin:80 - create IPUIPlugin
2024-10-26 11:34:17,387 [INFO] PluginManager:220 - loadIPPluginJar : add quadspi
2024-10-26 11:34:17,388 [INFO] IPUIPlugin:80 - create IPUIPlugin
2024-10-26 11:34:17,389 [INFO] PluginManager:220 - loadIPPluginJar : add radio
2024-10-26 11:34:17,390 [INFO] IPUIPlugin:80 - create IPUIPlugin
2024-10-26 11:34:17,390 [INFO] PluginManager:220 - loadIPPluginJar : add resmgrutility
2024-10-26 11:34:17,392 [INFO] IPUIPlugin:80 - create IPUIPlugin
2024-10-26 11:34:17,392 [INFO] PluginManager:220 - loadIPPluginJar : add sai
2024-10-26 11:34:17,393 [INFO] IPUIPlugin:80 - create IPUIPlugin
2024-10-26 11:34:17,393 [INFO] PluginManager:220 - loadIPPluginJar : add spi
2024-10-26 11:34:17,395 [INFO] IPUIPlugin:80 - create IPUIPlugin
2024-10-26 11:34:17,395 [INFO] PluginManager:220 - loadIPPluginJar : add stm32_wpan
2024-10-26 11:34:17,396 [INFO] IPUIPlugin:80 - create IPUIPlugin
2024-10-26 11:34:17,396 [INFO] PluginManager:220 - loadIPPluginJar : add tim
2024-10-26 11:34:17,398 [INFO] IPUIPlugin:80 - create IPUIPlugin
2024-10-26 11:34:17,398 [INFO] PluginManager:220 - loadIPPluginJar : add touchsensing
2024-10-26 11:34:17,399 [INFO] IPUIPlugin:80 - create IPUIPlugin
2024-10-26 11:34:17,399 [INFO] PluginManager:220 - loadIPPluginJar : add tracer_emb
2024-10-26 11:34:17,400 [INFO] IPUIPlugin:80 - create IPUIPlugin
2024-10-26 11:34:17,400 [INFO] PluginManager:220 - loadIPPluginJar : add ts
2024-10-26 11:34:17,401 [INFO] IPUIPlugin:80 - create IPUIPlugin
2024-10-26 11:34:17,401 [INFO] PluginManager:220 - loadIPPluginJar : add tsc
2024-10-26 11:34:17,402 [INFO] IPUIPlugin:80 - create IPUIPlugin
2024-10-26 11:34:17,402 [INFO] PluginManager:220 - loadIPPluginJar : add ucpd
2024-10-26 11:34:17,403 [INFO] IPUIPlugin:80 - create IPUIPlugin
2024-10-26 11:34:17,403 [INFO] PluginManager:220 - loadIPPluginJar : add usart
2024-10-26 11:34:17,405 [INFO] IPUIPlugin:80 - create IPUIPlugin
2024-10-26 11:34:17,405 [INFO] PluginManager:220 - loadIPPluginJar : add usbx
2024-10-26 11:34:17,511 [INFO] CADModel:165 - CPN selected for project level
2024-10-26 11:34:17,511 [INFO] CADModel:114 - Register for checkConnection events
2024-10-26 11:34:17,511 [FATAL] Updater:334 - Updater called before beeing initialized
2024-10-26 11:34:17,511 [ERROR] CADModel:125 - Updater not yet initialized, retry later 
2024-10-26 11:34:17,599 [INFO] CADModel:165 - CPN selected for project level
2024-10-26 11:34:17,599 [INFO] CADModel:114 - Register for checkConnection events
2024-10-26 11:34:17,600 [FATAL] Updater:334 - Updater called before beeing initialized
2024-10-26 11:34:17,600 [ERROR] CADModel:125 - Updater not yet initialized, retry later 
2024-10-26 11:34:17,601 [FATAL] Updater:334 - Updater called before beeing initialized
2024-10-26 11:34:17,680 [FATAL] Updater:334 - Updater called before beeing initialized
2024-10-26 11:34:17,688 [INFO] DbMcusAds:53 - JSON generation date=Fri Sep 20 15:04:23 CEST 2024 (1726837463113)
2024-10-26 11:34:17,688 [FATAL] Updater:334 - Updater called before beeing initialized
2024-10-26 11:34:17,712 [WARN] DetailPanel:346 - Failed to get advertising image, set to default
2024-10-26 11:34:17,764 [FATAL] Updater:334 - Updater called before beeing initialized
2024-10-26 11:34:17,765 [FATAL] Updater:334 - Updater called before beeing initialized
2024-10-26 11:34:17,765 [FATAL] Updater:334 - Updater called before beeing initialized
2024-10-26 11:34:17,765 [WARN] DetailPanel:346 - Failed to get advertising image, set to default
2024-10-26 11:34:17,766 [FATAL] Updater:334 - Updater called before beeing initialized
2024-10-26 11:34:17,788 [ERROR] Updater:1164 - MainUpdater not yet initialized. External WinMGr cannot be set.
2024-10-26 11:34:17,789 [INFO] Updater:1100 - Updater Version found : 6.12.1
2024-10-26 11:34:17,798 [INFO] ApplicationProperties:184 - Using Application install path: C:\ST\STM32CubeIDE_1.16.1\STM32CubeIDE\plugins\com.st.stm32cube.common.mx_6.12.1.202409122256
2024-10-26 11:34:19,371 [ERROR] LogOutputStream:75 - [STDERR_REDIRECT] Oct 26, 2024 11:34:19 AM java.util.prefs.WindowsPreferences <init>
2024-10-26 11:34:19,372 [ERROR] LogOutputStream:75 - [STDERR_REDIRECT] WARNING: Could not open/create prefs root node Software\JavaSoft\Prefs at root 0xffffffff80000002. Windows RegCreateKeyEx(...) returned error code 5.
2024-10-26 11:34:19,372 [ERROR] LogOutputStream:75 - [STDERR_REDIRECT] 
2024-10-26 11:34:19,534 [INFO] ThirdPartyUpdaterWithRetryManager:70 - Updater plugin not ready yet. [2/15]
2024-10-26 11:34:19,654 [INFO] MainUpdater:2873 - connection check result : 10
2024-10-26 11:34:19,654 [INFO] MainUpdater:290 - Updater Check For Update Now.
2024-10-26 11:34:19,654 [INFO] MicroXplorer:498 - Change Database Version : DB.6.0.121
2024-10-26 11:34:19,667 [INFO] McuFinderGlobals:63 - Set McuFinder mode to 2 (CubeIDE integrated)
2024-10-26 11:34:19,667 [INFO] UserAuth:417 - Internet connection configuration mode: 1
2024-10-26 11:34:19,694 [INFO] JxBrowserEngine:152 - Initiate JxBrowser Engine with user profile folder
2024-10-26 11:34:19,805 [INFO] CheckServerUpdateThread:120 - End of CheckServer Thread
2024-10-26 11:34:20,140 [INFO] WebApp:167 - Instantiating new browser for Auth
2024-10-26 11:34:20,580 [INFO] WebApp:448 - Apply proxy settings
2024-10-26 11:34:20,581 [INFO] WebApp:533 - Chromium requires no authentication
2024-10-26 11:34:20,585 [INFO] WebApp:476 - Direct internet connection detected
2024-10-26 11:34:20,606 [INFO] WebApp:869 - Register for checkConnection events
2024-10-26 11:34:20,606 [INFO] WebApp:448 - Apply proxy settings
2024-10-26 11:34:20,606 [INFO] WebApp:533 - Chromium requires no authentication
2024-10-26 11:34:20,606 [INFO] WebApp:476 - Direct internet connection detected
2024-10-26 11:34:20,753 [INFO] WebApp:186 - Connection restablished
2024-10-26 11:34:20,797 [INFO] WebApp:220 - Starting web application
2024-10-26 11:34:20,797 [INFO] WebApp:578 - Web application path used C:\ST\STM32CubeIDE_1.16.1\STM32CubeIDE\plugins\com.st.stm32cube.common.mx_6.12.1.202409122256\db\plugins\mcufinder\reactClient1\index.html
2024-10-26 11:34:20,866 [INFO] UserAuth:417 - Internet connection configuration mode: 1
2024-10-26 11:34:22,637 [WARN] PackLoader:240 - Cannot read IP mode file for STMicroelectronics.FP-SNS-MOTENVWB1.1.4.0
2024-10-26 11:34:22,645 [WARN] PackLoader:240 - Cannot read IP mode file for STMicroelectronics.X-CUBE-SMBUS.2.1.0
2024-10-26 11:34:22,651 [WARN] PackLoader:240 - Cannot read IP mode file for STMicroelectronics.X-CUBE-WB05N.1.1.0
2024-10-26 11:34:22,677 [WARN] PackLoader:240 - Cannot read IP mode file for STMicroelectronics.X-CUBE-AZRTOS-F7.1.1.0
2024-10-26 11:34:22,721 [WARN] PackLoader:240 - Cannot read IP mode file for STMicroelectronics.X-CUBE-MEMS1.11.0.0
2024-10-26 11:34:22,792 [WARN] PackLoader:240 - Cannot read IP mode file for STMicroelectronics.FP-SNS-FLIGHT1.5.0.2
2024-10-26 11:34:22,799 [WARN] PackLoader:240 - Cannot read IP mode file for STMicroelectronics.X-CUBE-DISPLAY.3.0.0
2024-10-26 11:34:22,805 [WARN] PackLoader:240 - Cannot read IP mode file for STMicroelectronics.X-CUBE-BLE1.7.0.0
2024-10-26 11:34:22,808 [WARN] PackLoader:240 - Cannot read IP mode file for STMicroelectronics.X-CUBE-NFC10.1.0.0
2024-10-26 11:34:22,812 [WARN] PackLoader:240 - Cannot read IP mode file for emotas.I-CUBE-CANOPEN.1.3.0
2024-10-26 11:34:22,818 [WARN] PackLoader:240 - Cannot read IP mode file for STMicroelectronics.X-CUBE-BLEMGR.3.1.0
2024-10-26 11:34:22,823 [WARN] PackLoader:240 - Cannot read IP mode file for STMicroelectronics.FP-SNS-SMARTAG2.1.2.0
2024-10-26 11:34:22,831 [INFO] LogOutputStream:77 - [STDOUT_REDIRECT] 1 : Invalid condition id : UX_CORESTACK_Condition cause : null
2024-10-26 11:34:22,832 [INFO] LogOutputStream:77 - [STDOUT_REDIRECT] 1 : Invalid condition id : UX_CORESTACK_Condition cause : null
2024-10-26 11:34:22,833 [INFO] LogOutputStream:77 - [STDOUT_REDIRECT] 1 : Invalid condition id : UX_CORESTACK_Condition cause : null
2024-10-26 11:34:22,834 [INFO] LogOutputStream:77 - [STDOUT_REDIRECT] 1 : Invalid condition id : UX_CORESTACK_Condition cause : null
2024-10-26 11:34:22,835 [INFO] LogOutputStream:77 - [STDOUT_REDIRECT] 1 : Invalid condition id : UX_CORESTACK_Condition cause : null
2024-10-26 11:34:22,839 [WARN] PackLoader:240 - Cannot read IP mode file for STMicroelectronics.X-CUBE-AZRTOS-WL.2.0.0
2024-10-26 11:34:22,842 [WARN] PackLoader:240 - Cannot read IP mode file for STMicroelectronics.FP-SNS-MOTENV1.5.0.0
2024-10-26 11:34:22,845 [WARN] PackLoader:240 - Cannot read IP mode file for wolfSSL.I-CUBE-wolfMQTT.1.19.0
2024-10-26 11:34:22,852 [WARN] PackLoader:240 - Cannot read IP mode file for WES.I-CUBE-Cesium.1.3.0
2024-10-26 11:34:22,855 [WARN] PackLoader:240 - Cannot read IP mode file for STMicroelectronics.X-CUBE-BLE2.3.3.0
2024-10-26 11:34:22,858 [WARN] PackLoader:240 - Cannot read IP mode file for STMicroelectronics.X-CUBE-NFC9.1.0.0
2024-10-26 11:34:22,862 [WARN] PackLoader:240 - Cannot read IP mode file for STMicroelectronics.X-CUBE-TCPP.4.1.0
2024-10-26 11:34:22,872 [WARN] PackLoader:240 - Cannot read IP mode file for STMicroelectronics.X-CUBE-AZRTOS-G0.1.1.0
2024-10-26 11:34:22,877 [WARN] PackLoader:240 - Cannot read IP mode file for STMicroelectronics.X-CUBE-SAFEA1.1.2.2
2024-10-26 11:34:22,881 [WARN] PackLoader:240 - Cannot read IP mode file for STMicroelectronics.X-CUBE-NFC4.3.0.0
2024-10-26 11:34:22,888 [WARN] PackLoader:240 - Cannot read IP mode file for EmbeddedOffice.I-CUBE-FS-RTOS.1.0.1
2024-10-26 11:34:22,888 [ERROR] ConditionMgr:805 - Attr not supported : Dmpu
2024-10-26 11:34:22,889 [ERROR] ConditionMgr:805 - Attr not supported : Dmpu
2024-10-26 11:34:22,889 [ERROR] ConditionMgr:805 - Attr not supported : Dmpu
2024-10-26 11:34:22,889 [ERROR] ConditionMgr:805 - Attr not supported : Dmpu
2024-10-26 11:34:22,889 [ERROR] ConditionMgr:805 - Attr not supported : Dmpu
2024-10-26 11:34:22,889 [ERROR] ConditionMgr:805 - Attr not supported : Dmpu
2024-10-26 11:34:22,889 [ERROR] ConditionMgr:805 - Attr not supported : Dmpu
2024-10-26 11:34:22,889 [ERROR] ConditionMgr:805 - Attr not supported : Dmpu
2024-10-26 11:34:22,889 [ERROR] ConditionMgr:805 - Attr not supported : Dmpu
2024-10-26 11:34:22,889 [ERROR] ConditionMgr:805 - Attr not supported : Dmpu
2024-10-26 11:34:22,889 [ERROR] ConditionMgr:805 - Attr not supported : Dmpu
2024-10-26 11:34:22,889 [ERROR] ConditionMgr:805 - Attr not supported : Dmpu
2024-10-26 11:34:22,889 [ERROR] ConditionMgr:805 - Attr not supported : Dmpu
2024-10-26 11:34:22,890 [ERROR] ConditionMgr:805 - Attr not supported : Dmpu
2024-10-26 11:34:22,890 [ERROR] ConditionMgr:805 - Attr not supported : Dmpu
2024-10-26 11:34:22,890 [ERROR] ConditionMgr:805 - Attr not supported : Dmpu
2024-10-26 11:34:22,890 [ERROR] ConditionMgr:805 - Attr not supported : Dmpu
2024-10-26 11:34:22,890 [ERROR] ConditionMgr:805 - Attr not supported : Dmpu
2024-10-26 11:34:22,890 [ERROR] ConditionMgr:805 - Attr not supported : Dmpu
2024-10-26 11:34:22,890 [ERROR] ConditionMgr:805 - Attr not supported : Dmpu
2024-10-26 11:34:22,891 [ERROR] ConditionMgr:805 - Attr not supported : Dmpu
2024-10-26 11:34:22,891 [ERROR] ConditionMgr:805 - Attr not supported : Dmpu
2024-10-26 11:34:22,891 [ERROR] ConditionMgr:805 - Attr not supported : Dmpu
2024-10-26 11:34:22,891 [ERROR] ConditionMgr:805 - Attr not supported : Dmpu
2024-10-26 11:34:22,891 [ERROR] ConditionMgr:805 - Attr not supported : Dmpu
2024-10-26 11:34:22,891 [ERROR] ConditionMgr:805 - Attr not supported : Dmpu
2024-10-26 11:34:22,891 [ERROR] ConditionMgr:805 - Attr not supported : Dmpu
2024-10-26 11:34:22,891 [ERROR] ConditionMgr:805 - Attr not supported : Dmpu
2024-10-26 11:34:22,891 [ERROR] ConditionMgr:805 - Attr not supported : Dmpu
2024-10-26 11:34:22,891 [ERROR] ConditionMgr:805 - Attr not supported : Dmpu
2024-10-26 11:34:22,891 [ERROR] ConditionMgr:805 - Attr not supported : Dmpu
2024-10-26 11:34:22,891 [ERROR] ConditionMgr:805 - Attr not supported : Dmpu
2024-10-26 11:34:22,891 [ERROR] ConditionMgr:805 - Attr not supported : Dmpu
2024-10-26 11:34:22,891 [ERROR] ConditionMgr:805 - Attr not supported : Dmpu
2024-10-26 11:34:22,891 [ERROR] ConditionMgr:805 - Attr not supported : Dmpu
2024-10-26 11:34:22,891 [ERROR] ConditionMgr:805 - Attr not supported : Dmpu
2024-10-26 11:34:22,891 [ERROR] ConditionMgr:805 - Attr not supported : Dmpu
2024-10-26 11:34:22,891 [ERROR] ConditionMgr:805 - Attr not supported : Dmpu
2024-10-26 11:34:22,891 [ERROR] ConditionMgr:805 - Attr not supported : Dmpu
2024-10-26 11:34:22,891 [ERROR] ConditionMgr:805 - Attr not supported : Dmpu
2024-10-26 11:34:22,891 [ERROR] ConditionMgr:805 - Attr not supported : Dmpu
2024-10-26 11:34:22,892 [ERROR] ConditionMgr:805 - Attr not supported : Dmpu
2024-10-26 11:34:22,892 [ERROR] ConditionMgr:805 - Attr not supported : Dmpu
2024-10-26 11:34:22,892 [ERROR] ConditionMgr:805 - Attr not supported : Dmpu
2024-10-26 11:34:22,892 [ERROR] ConditionMgr:805 - Attr not supported : Dmpu
2024-10-26 11:34:22,892 [ERROR] ConditionMgr:805 - Attr not supported : Dmpu
2024-10-26 11:34:22,892 [ERROR] ConditionMgr:805 - Attr not supported : Dmpu
2024-10-26 11:34:22,892 [ERROR] ConditionMgr:805 - Attr not supported : Dmpu
2024-10-26 11:34:22,892 [ERROR] ConditionMgr:805 - Attr not supported : Dmpu
2024-10-26 11:34:22,892 [ERROR] ConditionMgr:805 - Attr not supported : Dmpu
2024-10-26 11:34:22,892 [ERROR] ConditionMgr:805 - Attr not supported : Dmpu
2024-10-26 11:34:22,892 [ERROR] ConditionMgr:805 - Attr not supported : Dmpu
2024-10-26 11:34:22,892 [ERROR] ConditionMgr:805 - Attr not supported : Dmpu
2024-10-26 11:34:22,892 [ERROR] ConditionMgr:805 - Attr not supported : Dmpu
2024-10-26 11:34:22,892 [ERROR] ConditionMgr:805 - Attr not supported : Dmpu
2024-10-26 11:34:22,892 [ERROR] ConditionMgr:805 - Attr not supported : Dmpu
2024-10-26 11:34:22,892 [ERROR] ConditionMgr:805 - Attr not supported : Dmpu
2024-10-26 11:34:22,892 [ERROR] ConditionMgr:805 - Attr not supported : Dmpu
2024-10-26 11:34:22,892 [ERROR] ConditionMgr:805 - Attr not supported : Dmpu
2024-10-26 11:34:22,892 [ERROR] ConditionMgr:805 - Attr not supported : Dmpu
2024-10-26 11:34:22,892 [ERROR] ConditionMgr:805 - Attr not supported : Dmpu
2024-10-26 11:34:22,892 [ERROR] ConditionMgr:805 - Attr not supported : Dmpu
2024-10-26 11:34:22,892 [ERROR] ConditionMgr:805 - Attr not supported : Dmpu
2024-10-26 11:34:22,892 [ERROR] ConditionMgr:805 - Attr not supported : Dmpu
2024-10-26 11:34:22,897 [WARN] PackLoader:240 - Cannot read IP mode file for RealThread.X-CUBE-RT-Thread_Nano.4.1.1
2024-10-26 11:34:22,900 [WARN] PackLoader:240 - Cannot read IP mode file for STMicroelectronics.FP-ATR-SIGFOX1.3.2.0
2024-10-26 11:34:22,903 [WARN] PackLoader:240 - Cannot read IP mode file for wolfSSL.I-CUBE-wolfSSL.5.7.2
2024-10-26 11:34:22,907 [WARN] PackLoader:240 - Cannot read IP mode file for STMicroelectronics.X-CUBE-EEPRMA1.5.1.0
2024-10-26 11:34:22,913 [WARN] PackLoader:240 - Cannot read IP mode file for ITTIA_DB.I-CUBE-ITTIADB.8.9.0
2024-10-26 11:34:22,941 [WARN] PackLoader:240 - Cannot read IP mode file for SEGGER.I-CUBE-embOS.1.3.1
2024-10-26 11:34:22,969 [WARN] PackLoader:240 - Cannot read IP mode file for STMicroelectronics.X-CUBE-ALGOBUILD.1.4.0
2024-10-26 11:34:22,974 [WARN] PackLoader:240 - Cannot read IP mode file for STMicroelectronics.X-CUBE-AI.9.1.0
2024-10-26 11:34:22,983 [WARN] PackLoader:240 - Cannot read IP mode file for STMicroelectronics.X-CUBE-AZRTOS-F4.1.1.0
2024-10-26 11:34:22,987 [WARN] PackLoader:240 - Cannot read IP mode file for STMicroelectronics.X-CUBE-ISPU.2.1.0
2024-10-26 11:34:22,992 [WARN] PackLoader:240 - Cannot read IP mode file for STMicroelectronics.X-CUBE-FREERTOS.1.2.0
2024-10-26 11:34:23,002 [WARN] PackLoader:240 - Cannot read IP mode file for STMicroelectronics.X-CUBE-AZRTOS-L5.2.0.0
2024-10-26 11:34:23,008 [WARN] PackLoader:240 - Cannot read IP mode file for STMicroelectronics.X-CUBE-NFC6.3.1.0
2024-10-26 11:34:23,013 [WARN] PackLoader:240 - Cannot read IP mode file for STMicroelectronics.X-CUBE-DPower.1.2.0
2024-10-26 11:34:23,015 [WARN] PackLoader:240 - Cannot read IP mode file for STMicroelectronics.X-CUBE-AI.9.0.0
2024-10-26 11:34:23,019 [WARN] PackLoader:240 - Cannot read IP mode file for STMicroelectronics.X-CUBE-NFC7.1.0.1
2024-10-26 11:34:23,034 [WARN] ConditionMgr:438 - getConditionDescription Invalid condition id : LAN8742 Phy interface Condition cause : null
2024-10-26 11:34:23,034 [WARN] PackLoader:240 - Cannot read IP mode file for STMicroelectronics.X-CUBE-AZRTOS-L4.2.0.0
2024-10-26 11:34:23,036 [WARN] ConditionMgr:1039 - genDependencies : Invalid condition id : LAN8742 Phy interface Condition cause : null
2024-10-26 11:34:23,036 [WARN] ConditionMgr:1039 - genDependencies : Invalid condition id : LAN8742 Phy interface Condition cause : null
2024-10-26 11:34:23,036 [WARN] ConditionMgr:1039 - genDependencies : Invalid condition id : LAN8742 Phy interface Condition cause : null
2024-10-26 11:34:23,042 [WARN] PackLoader:240 - Cannot read IP mode file for STMicroelectronics.X-CUBE-SFXS2LP1.4.0.0
2024-10-26 11:34:23,058 [WARN] PackLoader:240 - Cannot read IP mode file for STMicroelectronics.X-CUBE-AZRTOS-H7.3.3.0
2024-10-26 11:34:23,066 [WARN] PackLoader:240 - Cannot read IP mode file for STMicroelectronics.X-CUBE-IPS.3.0.0
2024-10-26 11:34:23,076 [WARN] ConditionMgr:438 - getConditionDescription Invalid condition id : UX DEVICE CLASS RTOS Condition cause : null
2024-10-26 11:34:23,076 [WARN] ConditionMgr:438 - getConditionDescription Invalid condition id : UX DEVICE CLASS RTOS Condition cause : null
2024-10-26 11:34:23,078 [WARN] PackLoader:240 - Cannot read IP mode file for STMicroelectronics.X-CUBE-AZRTOS-WB.2.0.0
2024-10-26 11:34:23,079 [WARN] ConditionMgr:1039 - genDependencies : Invalid condition id : UX DEVICE CLASS RTOS Condition cause : null
2024-10-26 11:34:23,079 [WARN] ConditionMgr:1039 - genDependencies : Invalid condition id : UX DEVICE CLASS RTOS Condition cause : null
2024-10-26 11:34:23,079 [WARN] ConditionMgr:1039 - genDependencies : Invalid condition id : UX DEVICE CLASS RTOS Condition cause : null
2024-10-26 11:34:23,080 [WARN] ConditionMgr:1039 - genDependencies : Invalid condition id : UX DEVICE CLASS RTOS Condition cause : null
2024-10-26 11:34:23,080 [WARN] ConditionMgr:1039 - genDependencies : Invalid condition id : UX DEVICE CLASS RTOS Condition cause : null
2024-10-26 11:34:23,083 [WARN] PackLoader:240 - Cannot read IP mode file for STMicroelectronics.X-CUBE-GNSS1.7.0.0
2024-10-26 11:34:23,088 [WARN] PackLoader:240 - Cannot read IP mode file for STMicroelectronics.FP-SNS-STBOX1.2.0.0
2024-10-26 11:34:23,095 [WARN] PackLoader:240 - Cannot read IP mode file for STMicroelectronics.X-CUBE-SUBG2.5.0.0
2024-10-26 11:34:23,100 [WARN] PackLoader:240 - Cannot read IP mode file for Cesanta.I-CUBE-Mongoose.7.13.0
2024-10-26 11:34:23,107 [WARN] PackLoader:240 - Cannot read IP mode file for STMicroelectronics.X-CUBE-AZRTOS-G4.2.0.0
2024-10-26 11:34:23,111 [WARN] PackLoader:240 - Cannot read IP mode file for STMicroelectronics.X-CUBE-ALS.1.0.2
2024-10-26 11:34:23,116 [WARN] PackLoader:240 - Cannot read IP mode file for STMicroelectronics.X-CUBE-TOUCHGFX.4.24.1
2024-10-26 11:34:23,118 [WARN] PackLoader:240 - Cannot read IP mode file for wolfSSL.I-CUBE-wolfTPM.3.4.0
2024-10-26 11:34:23,121 [WARN] PackLoader:240 - Cannot read IP mode file for portGmbH.I-Cube-SoM-uGOAL.1.1.0
2024-10-26 11:34:23,129 [WARN] PackLoader:240 - Cannot read IP mode file for STMicroelectronics.X-CUBE-AZRTOS-H7RS.1.0.0
2024-10-26 11:34:23,133 [WARN] PackLoader:240 - Cannot read IP mode file for STMicroelectronics.FP-ATR-ASTRA1.2.0.0
2024-10-26 11:34:23,138 [WARN] PackLoader:240 - Cannot read IP mode file for STMicroelectronics.X-CUBE-TOF1.3.4.2
2024-10-26 11:34:23,156 [WARN] PackLoader:240 - Cannot read IP mode file for Infineon.AIROC-Wi-Fi-Bluetooth-STM32.1.6.1
2024-10-26 11:34:23,163 [WARN] PackLoader:240 - Cannot read IP mode file for wolfSSL.I-CUBE-wolfSSH.1.4.17
2024-10-26 11:34:23,164 [INFO] ThirdParty:978 - Integrity check success = true
2024-10-26 11:34:23,164 [INFO] IntegrityCheckThread:100 - exiting critical section [integrity check]
2024-10-26 11:34:23,164 [INFO] IntegrityCheckThread:103 - End integrity checks thread
2024-10-26 11:35:38,898 [ERROR] LogOutputStream:75 - [STDERR_REDIRECT] 
