2024-10-30 18:42:13,575 [INFO] Activator:176 - 


2024-10-30 18:42:13,577 [INFO] Activator:177 - !SESSION log4j initialized
2024-10-30 18:42:15,341 [INFO] LogOutputStream:77 - [STDOUT_REDIRECT] 
2024-10-30 18:42:24,491 [INFO] ApplicationProperties:184 - Using Application install path: C:\ST\STM32CubeIDE_1.16.1\STM32CubeIDE\plugins\com.st.stm32cube.common.mx_6.12.1.202409122256
2024-10-30 18:42:24,510 [INFO] DbMcusXml:78 - Set database path to: C:\ST\STM32CubeIDE_1.16.1\STM32CubeIDE\plugins\com.st.stm32cube.common.mx_6.12.1.202409122256\\db\/mcu/
2024-10-30 18:42:24,510 [INFO] ApiDb:274 - Set plugin database path to: C:\ST\STM32CubeIDE_1.16.1\STM32CubeIDE\plugins\com.st.stm32cube.common.mx_6.12.1.202409122256\\db\/plugins/boardmanager/
2024-10-30 18:42:24,511 [WARN] ApiDb:259 - Overriding images path with different value:  => C:\ST\STM32CubeIDE_1.16.1\STM32CubeIDE\plugins\com.st.stm32cube.common.mx_6.12.1.202409122256\\db\/plugins/mcufinder/images/
2024-10-30 18:42:24,515 [INFO] ApiDb:250 - Set database path to: C:\Users\marco\.stmcufinder\plugins\mcufinder//mcu/
2024-10-30 18:42:24,516 [INFO] DbMcusAds:125 - Set database path to: C:\Users\marco\.stmcufinder\plugins\mcufinder//mcu/
2024-10-30 18:42:24,518 [INFO] CrossReferenceDbSqlite:203 - Set database path to: C:\Users\marco\.stmcufinder\plugins\mcufinder//mcu/cs/
2024-10-30 18:42:24,580 [INFO] RulesReader:64 - Compatibility file has been processed (297 Rules)
2024-10-30 18:42:24,629 [INFO] DbMcusXml:78 - Set database path to: C:\ST\STM32CubeIDE_1.16.1\STM32CubeIDE\plugins\com.st.stm32cube.common.mx_6.12.1.202409122256\\db\/mcu/
2024-10-30 18:42:24,629 [INFO] ApiDb:274 - Set plugin database path to: C:\ST\STM32CubeIDE_1.16.1\STM32CubeIDE\plugins\com.st.stm32cube.common.mx_6.12.1.202409122256\\db\/plugins/boardmanager/
2024-10-30 18:42:24,629 [INFO] ApiDb:261 - Set plugin images path to: C:\ST\STM32CubeIDE_1.16.1\STM32CubeIDE\plugins\com.st.stm32cube.common.mx_6.12.1.202409122256\\db\/plugins/mcufinder/images/
2024-10-30 18:42:24,629 [WARN] DbFile:41 - Overriding database path with different value: C:\Users\marco\.stmcufinder\plugins\mcufinder/ => C:\Users\marco\.stmcufinder\plugins\mcufinder
2024-10-30 18:42:24,629 [INFO] ApiDb:250 - Set database path to: C:\Users\marco\.stmcufinder\plugins\mcufinder//mcu/
2024-10-30 18:42:24,629 [WARN] DbFile:41 - Overriding database path with different value: C:\Users\marco\.stmcufinder\plugins\mcufinder/ => C:\Users\marco\.stmcufinder\plugins\mcufinder
2024-10-30 18:42:24,629 [INFO] DbMcusAds:125 - Set database path to: C:\Users\marco\.stmcufinder\plugins\mcufinder//mcu/
2024-10-30 18:42:24,629 [WARN] DbFile:41 - Overriding database path with different value: C:\Users\marco\.stmcufinder\plugins\mcufinder/ => C:\Users\marco\.stmcufinder\plugins\mcufinder
2024-10-30 18:42:24,629 [WARN] DbFile:41 - Overriding database path with different value: C:\Users\marco\.stmcufinder\plugins\mcufinder/ => C:\Users\marco\.stmcufinder\plugins\mcufinder
2024-10-30 18:42:24,629 [INFO] CrossReferenceDbSqlite:203 - Set database path to: C:\Users\marco\.stmcufinder\plugins\mcufinder//mcu/cs/
2024-10-30 18:42:24,674 [INFO] MainPanel:268 - HeapMemory: 268435456
2024-10-30 18:42:24,721 [INFO] DbMcusXml:78 - Set database path to: C:\ST\STM32CubeIDE_1.16.1\STM32CubeIDE\plugins\com.st.stm32cube.common.mx_6.12.1.202409122256\\db\/mcu/
2024-10-30 18:42:24,721 [INFO] ApiDb:274 - Set plugin database path to: C:\ST\STM32CubeIDE_1.16.1\STM32CubeIDE\plugins\com.st.stm32cube.common.mx_6.12.1.202409122256\\db\/plugins/boardmanager/
2024-10-30 18:42:24,721 [INFO] ApiDb:261 - Set plugin images path to: C:\ST\STM32CubeIDE_1.16.1\STM32CubeIDE\plugins\com.st.stm32cube.common.mx_6.12.1.202409122256\\db\/plugins/mcufinder/images/
2024-10-30 18:42:24,721 [WARN] DbFile:41 - Overriding database path with different value: C:\Users\marco\.stmcufinder\plugins\mcufinder/ => C:\Users\marco\.stmcufinder\plugins\mcufinder
2024-10-30 18:42:24,722 [INFO] ApiDb:250 - Set database path to: C:\Users\marco\.stmcufinder\plugins\mcufinder//mcu/
2024-10-30 18:42:24,722 [WARN] DbFile:41 - Overriding database path with different value: C:\Users\marco\.stmcufinder\plugins\mcufinder/ => C:\Users\marco\.stmcufinder\plugins\mcufinder
2024-10-30 18:42:24,722 [INFO] DbMcusAds:125 - Set database path to: C:\Users\marco\.stmcufinder\plugins\mcufinder//mcu/
2024-10-30 18:42:24,722 [WARN] DbFile:41 - Overriding database path with different value: C:\Users\marco\.stmcufinder\plugins\mcufinder/ => C:\Users\marco\.stmcufinder\plugins\mcufinder
2024-10-30 18:42:24,722 [WARN] DbFile:41 - Overriding database path with different value: C:\Users\marco\.stmcufinder\plugins\mcufinder/ => C:\Users\marco\.stmcufinder\plugins\mcufinder
2024-10-30 18:42:24,722 [INFO] CrossReferenceDbSqlite:203 - Set database path to: C:\Users\marco\.stmcufinder\plugins\mcufinder//mcu/cs/
2024-10-30 18:42:24,731 [INFO] ApplicationProperties:184 - Using Application install path: C:\ST\STM32CubeIDE_1.16.1\STM32CubeIDE\plugins\com.st.stm32cube.common.mx_6.12.1.202409122256
2024-10-30 18:42:24,732 [INFO] PluginManage:196 - Search for loadable plugins [exclusion list=, ]
2024-10-30 18:42:24,733 [INFO] PluginManage:310 - Check plugin analytics
2024-10-30 18:42:24,865 [INFO] AnalyticsPlugin:253 - Accepted Software Licenses: 
2024-10-30 18:42:24,865 [INFO] AnalyticsPlugin:255 - Accepted CMSIS Pack Licenses: 
2024-10-30 18:42:24,865 [INFO] AnalyticsPlugin:257 - Accepted Firmware Licenses: FW.F4.1.28.0
2024-10-30 18:42:24,869 [INFO] PluginManage:359 - Loaded plugin analytics (category:tool,tabindex:-1)
2024-10-30 18:42:24,869 [INFO] PluginManage:310 - Check plugin cadmodel
2024-10-30 18:42:24,873 [INFO] CADModel:105 - Init CAD model plugin
2024-10-30 18:42:24,873 [INFO] PluginManage:359 - Loaded plugin cadmodel (category:power,tabindex:5)
2024-10-30 18:42:24,874 [INFO] PluginManage:310 - Check plugin clock
2024-10-30 18:42:24,882 [INFO] PluginManage:359 - Loaded plugin clock (category:base,tabindex:2)
2024-10-30 18:42:24,882 [INFO] PluginManage:310 - Check plugin ddr
2024-10-30 18:42:24,884 [INFO] PluginManage:359 - Loaded plugin ddr (category:tool,tabindex:6)
2024-10-30 18:42:24,884 [INFO] PluginManage:310 - Check plugin filemanager
2024-10-30 18:42:25,006 [INFO] PluginManage:359 - Loaded plugin filemanager (category:base,tabindex:10)
2024-10-30 18:42:25,007 [INFO] PluginManage:310 - Check plugin ipmanager
2024-10-30 18:42:25,011 [INFO] PluginManage:359 - Loaded plugin ipmanager (category:base,tabindex:5)
2024-10-30 18:42:25,011 [INFO] PluginManage:310 - Check plugin lpbam
2024-10-30 18:42:25,016 [INFO] PluginManage:359 - Loaded plugin lpbam (category:base,tabindex:0)
2024-10-30 18:42:25,016 [INFO] PluginManage:310 - Check plugin memorymap
2024-10-30 18:42:25,022 [INFO] PluginManage:359 - Loaded plugin memorymap (category:base,tabindex:4)
2024-10-30 18:42:25,023 [INFO] PluginManage:310 - Check plugin pinoutandconfiguration
2024-10-30 18:42:25,027 [INFO] PluginManage:359 - Loaded plugin pinoutandconfiguration (category:base,tabindex:1)
2024-10-30 18:42:25,027 [INFO] PluginManage:310 - Check plugin pinoutconfig
2024-10-30 18:42:25,076 [WARN] SupportedApi:132 - Cannot load RTOS API schema: s4s-elt-must-match.1: The content of 'definitions' must match (annotation?, (simpleType | complexType)?, (unique | key | keyref)*)). A problem was found starting at: attribute.
2024-10-30 18:42:25,158 [INFO] PluginManage:359 - Loaded plugin pinoutconfig (category:base,tabindex:0)
2024-10-30 18:42:25,158 [INFO] PluginManage:310 - Check plugin power
2024-10-30 18:42:25,163 [INFO] PluginManage:359 - Loaded plugin power (category:power,tabindex:4)
2024-10-30 18:42:25,163 [INFO] PluginManage:310 - Check plugin projectmanager
2024-10-30 18:42:25,172 [INFO] PluginManage:359 - Loaded plugin projectmanager (category:projectmanager,tabindex:4)
2024-10-30 18:42:25,173 [INFO] PluginManage:310 - Check plugin rif
2024-10-30 18:42:25,175 [INFO] PluginManage:359 - Loaded plugin rif (category:base,tabindex:3)
2024-10-30 18:42:25,175 [INFO] PluginManage:310 - Check plugin thirdparty
2024-10-30 18:42:25,252 [WARN] IntegrityCheckThread:84 - waiting for thirdparty lock release [integrity check]
2024-10-30 18:42:25,253 [INFO] IntegrityCheckThread:86 - entering critical section [integrity check]
2024-10-30 18:42:25,253 [INFO] PluginManage:359 - Loaded plugin thirdparty (category:base,tabindex:-1)
2024-10-30 18:42:25,253 [INFO] PluginManage:310 - Check plugin tools
2024-10-30 18:42:25,253 [INFO] ThirdPartyUpdaterWithRetryManager:70 - Updater plugin not ready yet. [1/15]
2024-10-30 18:42:25,256 [INFO] PluginManage:359 - Loaded plugin tools (category:base,tabindex:7)
2024-10-30 18:42:25,256 [INFO] PluginManage:310 - Check plugin tutovideos
2024-10-30 18:42:25,362 [INFO] PluginManage:359 - Loaded plugin tutovideos (category:base,tabindex:-1)
2024-10-30 18:42:25,362 [INFO] PluginManage:310 - Check plugin updater
2024-10-30 18:42:25,383 [INFO] PluginManage:359 - Loaded plugin updater (category:base,tabindex:12)
2024-10-30 18:42:25,383 [INFO] PluginManage:310 - Check plugin userauth
2024-10-30 18:42:25,390 [INFO] UserAuth:113 - Init User Auth plugin
2024-10-30 18:42:25,390 [INFO] PluginManage:359 - Loaded plugin userauth (category:base,tabindex:14)
2024-10-30 18:42:25,391 [INFO] PluginManage:283 - PluginManage : Loaded plugins [18]
2024-10-30 18:42:25,524 [INFO] PinOutPanel:1561 - setPackage(No Configuration,No Configuration)
2024-10-30 18:42:25,577 [INFO] CADModel:165 - CPN selected for project level
2024-10-30 18:42:25,578 [INFO] CADModel:114 - Register for checkConnection events
2024-10-30 18:42:25,588 [INFO] IPUIPlugin:80 - create IPUIPlugin
2024-10-30 18:42:25,588 [INFO] PluginManager:220 - loadIPPluginJar : add adc
2024-10-30 18:42:25,589 [INFO] IPUIPlugin:80 - create IPUIPlugin
2024-10-30 18:42:25,589 [INFO] PluginManager:220 - loadIPPluginJar : add aes
2024-10-30 18:42:25,590 [INFO] IPUIPlugin:80 - create IPUIPlugin
2024-10-30 18:42:25,591 [INFO] PluginManager:220 - loadIPPluginJar : add can
2024-10-30 18:42:25,591 [INFO] IPUIPlugin:80 - create IPUIPlugin
2024-10-30 18:42:25,591 [INFO] PluginManager:220 - loadIPPluginJar : add comp
2024-10-30 18:42:25,593 [INFO] IPUIPlugin:80 - create IPUIPlugin
2024-10-30 18:42:25,593 [INFO] PluginManager:220 - loadIPPluginJar : add cryp
2024-10-30 18:42:25,594 [INFO] IPUIPlugin:80 - create IPUIPlugin
2024-10-30 18:42:25,594 [INFO] PluginManager:220 - loadIPPluginJar : add ddr_ctrl_phy
2024-10-30 18:42:25,595 [INFO] IPUIPlugin:80 - create IPUIPlugin
2024-10-30 18:42:25,595 [INFO] PluginManager:220 - loadIPPluginJar : add dfsdm
2024-10-30 18:42:25,598 [INFO] IPUIPlugin:80 - create IPUIPlugin
2024-10-30 18:42:25,599 [INFO] PluginManager:220 - loadIPPluginJar : add dma
2024-10-30 18:42:25,600 [INFO] IPUIPlugin:80 - create IPUIPlugin
2024-10-30 18:42:25,600 [INFO] PluginManager:220 - loadIPPluginJar : add dma3
2024-10-30 18:42:25,602 [INFO] IPUIPlugin:80 - create IPUIPlugin
2024-10-30 18:42:25,602 [INFO] PluginManager:220 - loadIPPluginJar : add extmemmanager
2024-10-30 18:42:25,602 [INFO] IPUIPlugin:80 - create IPUIPlugin
2024-10-30 18:42:25,603 [INFO] PluginManager:220 - loadIPPluginJar : add fatfs
2024-10-30 18:42:25,605 [INFO] IPUIPlugin:80 - create IPUIPlugin
2024-10-30 18:42:25,605 [INFO] PluginManager:220 - loadIPPluginJar : add fmc
2024-10-30 18:42:25,609 [INFO] IPUIPlugin:80 - create IPUIPlugin
2024-10-30 18:42:25,609 [INFO] PluginManager:220 - loadIPPluginJar : add freertos
2024-10-30 18:42:25,610 [INFO] IPUIPlugin:80 - create IPUIPlugin
2024-10-30 18:42:25,610 [INFO] PluginManager:220 - loadIPPluginJar : add genericplugin
2024-10-30 18:42:25,611 [INFO] IPUIPlugin:80 - create IPUIPlugin
2024-10-30 18:42:25,611 [INFO] PluginManager:220 - loadIPPluginJar : add gfxmmu
2024-10-30 18:42:25,613 [INFO] IPUIPlugin:80 - create IPUIPlugin
2024-10-30 18:42:25,613 [INFO] PluginManager:220 - loadIPPluginJar : add gic
2024-10-30 18:42:25,616 [INFO] IPUIPlugin:80 - create IPUIPlugin
2024-10-30 18:42:25,616 [INFO] PluginManager:220 - loadIPPluginJar : add gpio
2024-10-30 18:42:25,617 [INFO] IPUIPlugin:80 - create IPUIPlugin
2024-10-30 18:42:25,617 [INFO] PluginManager:220 - loadIPPluginJar : add gtzc
2024-10-30 18:42:25,618 [INFO] IPUIPlugin:80 - create IPUIPlugin
2024-10-30 18:42:25,618 [INFO] PluginManager:220 - loadIPPluginJar : add hash
2024-10-30 18:42:25,620 [INFO] IPUIPlugin:80 - create IPUIPlugin
2024-10-30 18:42:25,620 [INFO] PluginManager:220 - loadIPPluginJar : add i2c
2024-10-30 18:42:25,621 [INFO] IPUIPlugin:80 - create IPUIPlugin
2024-10-30 18:42:25,621 [INFO] PluginManager:220 - loadIPPluginJar : add i2s
2024-10-30 18:42:25,623 [INFO] IPUIPlugin:80 - create IPUIPlugin
2024-10-30 18:42:25,623 [INFO] PluginManager:220 - loadIPPluginJar : add i3c
2024-10-30 18:42:25,626 [INFO] IPUIPlugin:80 - create IPUIPlugin
2024-10-30 18:42:25,626 [INFO] PluginManager:220 - loadIPPluginJar : add ipddr
2024-10-30 18:42:25,630 [INFO] IPUIPlugin:80 - create IPUIPlugin
2024-10-30 18:42:25,630 [INFO] PluginManager:220 - loadIPPluginJar : add linkedlist
2024-10-30 18:42:25,632 [INFO] IPUIPlugin:80 - create IPUIPlugin
2024-10-30 18:42:25,632 [INFO] PluginManager:220 - loadIPPluginJar : add lorawan
2024-10-30 18:42:25,633 [INFO] IPUIPlugin:80 - create IPUIPlugin
2024-10-30 18:42:25,633 [INFO] PluginManager:220 - loadIPPluginJar : add ltdc
2024-10-30 18:42:25,636 [INFO] IPUIPlugin:80 - create IPUIPlugin
2024-10-30 18:42:25,636 [INFO] PluginManager:220 - loadIPPluginJar : add mdma
2024-10-30 18:42:25,638 [INFO] IPUIPlugin:80 - create IPUIPlugin
2024-10-30 18:42:25,638 [INFO] PluginManager:220 - loadIPPluginJar : add nvic
2024-10-30 18:42:25,639 [INFO] IPUIPlugin:80 - create IPUIPlugin
2024-10-30 18:42:25,639 [INFO] PluginManager:220 - loadIPPluginJar : add opamp
2024-10-30 18:42:25,642 [INFO] IPUIPlugin:80 - create IPUIPlugin
2024-10-30 18:42:25,642 [INFO] PluginManager:220 - loadIPPluginJar : add openamp
2024-10-30 18:42:25,643 [INFO] IPUIPlugin:80 - create IPUIPlugin
2024-10-30 18:42:25,643 [INFO] PluginManager:220 - loadIPPluginJar : add pdm2pcm
2024-10-30 18:42:25,646 [INFO] IPUIPlugin:80 - create IPUIPlugin
2024-10-30 18:42:25,647 [INFO] PluginManager:220 - loadIPPluginJar : add plateformsettings
2024-10-30 18:42:25,648 [INFO] IPUIPlugin:80 - create IPUIPlugin
2024-10-30 18:42:25,648 [INFO] PluginManager:220 - loadIPPluginJar : add quadspi
2024-10-30 18:42:25,649 [INFO] IPUIPlugin:80 - create IPUIPlugin
2024-10-30 18:42:25,649 [INFO] PluginManager:220 - loadIPPluginJar : add radio
2024-10-30 18:42:25,651 [INFO] IPUIPlugin:80 - create IPUIPlugin
2024-10-30 18:42:25,651 [INFO] PluginManager:220 - loadIPPluginJar : add resmgrutility
2024-10-30 18:42:25,652 [INFO] IPUIPlugin:80 - create IPUIPlugin
2024-10-30 18:42:25,652 [INFO] PluginManager:220 - loadIPPluginJar : add sai
2024-10-30 18:42:25,654 [INFO] IPUIPlugin:80 - create IPUIPlugin
2024-10-30 18:42:25,654 [INFO] PluginManager:220 - loadIPPluginJar : add spi
2024-10-30 18:42:25,657 [INFO] IPUIPlugin:80 - create IPUIPlugin
2024-10-30 18:42:25,657 [INFO] PluginManager:220 - loadIPPluginJar : add stm32_wpan
2024-10-30 18:42:25,658 [INFO] IPUIPlugin:80 - create IPUIPlugin
2024-10-30 18:42:25,658 [INFO] PluginManager:220 - loadIPPluginJar : add tim
2024-10-30 18:42:25,660 [INFO] IPUIPlugin:80 - create IPUIPlugin
2024-10-30 18:42:25,660 [INFO] PluginManager:220 - loadIPPluginJar : add touchsensing
2024-10-30 18:42:25,661 [INFO] IPUIPlugin:80 - create IPUIPlugin
2024-10-30 18:42:25,661 [INFO] PluginManager:220 - loadIPPluginJar : add tracer_emb
2024-10-30 18:42:25,662 [INFO] IPUIPlugin:80 - create IPUIPlugin
2024-10-30 18:42:25,662 [INFO] PluginManager:220 - loadIPPluginJar : add ts
2024-10-30 18:42:25,663 [INFO] IPUIPlugin:80 - create IPUIPlugin
2024-10-30 18:42:25,663 [INFO] PluginManager:220 - loadIPPluginJar : add tsc
2024-10-30 18:42:25,664 [INFO] IPUIPlugin:80 - create IPUIPlugin
2024-10-30 18:42:25,664 [INFO] PluginManager:220 - loadIPPluginJar : add ucpd
2024-10-30 18:42:25,665 [INFO] IPUIPlugin:80 - create IPUIPlugin
2024-10-30 18:42:25,665 [INFO] PluginManager:220 - loadIPPluginJar : add usart
2024-10-30 18:42:25,666 [INFO] IPUIPlugin:80 - create IPUIPlugin
2024-10-30 18:42:25,666 [INFO] PluginManager:220 - loadIPPluginJar : add usbx
2024-10-30 18:42:25,768 [INFO] CADModel:165 - CPN selected for project level
2024-10-30 18:42:25,768 [INFO] CADModel:114 - Register for checkConnection events
2024-10-30 18:42:25,768 [FATAL] Updater:334 - Updater called before beeing initialized
2024-10-30 18:42:25,768 [ERROR] CADModel:125 - Updater not yet initialized, retry later 
2024-10-30 18:42:25,845 [INFO] CADModel:165 - CPN selected for project level
2024-10-30 18:42:25,845 [INFO] CADModel:114 - Register for checkConnection events
2024-10-30 18:42:25,845 [FATAL] Updater:334 - Updater called before beeing initialized
2024-10-30 18:42:25,845 [ERROR] CADModel:125 - Updater not yet initialized, retry later 
2024-10-30 18:42:25,847 [FATAL] Updater:334 - Updater called before beeing initialized
2024-10-30 18:42:25,912 [FATAL] Updater:334 - Updater called before beeing initialized
2024-10-30 18:42:25,917 [INFO] DbMcusAds:53 - JSON generation date=Fri Sep 20 15:04:23 CEST 2024 (1726837463113)
2024-10-30 18:42:25,917 [FATAL] Updater:334 - Updater called before beeing initialized
2024-10-30 18:42:25,938 [WARN] DetailPanel:346 - Failed to get advertising image, set to default
2024-10-30 18:42:25,996 [FATAL] Updater:334 - Updater called before beeing initialized
2024-10-30 18:42:25,997 [FATAL] Updater:334 - Updater called before beeing initialized
2024-10-30 18:42:25,997 [FATAL] Updater:334 - Updater called before beeing initialized
2024-10-30 18:42:25,997 [WARN] DetailPanel:346 - Failed to get advertising image, set to default
2024-10-30 18:42:25,998 [FATAL] Updater:334 - Updater called before beeing initialized
2024-10-30 18:42:26,028 [ERROR] Updater:1164 - MainUpdater not yet initialized. External WinMGr cannot be set.
2024-10-30 18:42:26,029 [INFO] Updater:1100 - Updater Version found : 6.12.1
2024-10-30 18:42:26,040 [INFO] ApplicationProperties:184 - Using Application install path: C:\ST\STM32CubeIDE_1.16.1\STM32CubeIDE\plugins\com.st.stm32cube.common.mx_6.12.1.202409122256
